WARNING: [youtube] [jsc] Remote components challenge solver script (deno) and NPM package (deno) were skipped. These may be required to solve JS challenges. You can enable these downloads with  --remote-components ejs:github  (recommended) or  --remote-components ejs:npm , respectively. For more information and alternatives, refer to  https://github.com/yt-dlp/yt-dlp/wiki/EJS
WARNING: [youtube] k4oxxEVM3HA: n challenge solving failed: Some formats may be missing. Ensure you have a supported JavaScript runtime and challenge solver script distribution installed. Review any warnings presented before this message. For more details, refer to  https://github.com/yt-dlp/yt-dlp/wiki/EJS
WARNING: ffmpeg not found. The downloaded format may not be the best available. Installing ffmpeg is strongly recommended: https://github.com/yt-dlp/yt-dlp#dependencies
WARNING: [youtube] No supported JavaScript runtime could be found. Only deno is enabled by default; to use another runtime add  --js-runtimes RUNTIME[:PATH]  to your command/config. YouTube extraction without a JS runtime has been deprecated, and some formats may be missing. See  https://github.com/yt-dlp/yt-dlp/wiki/EJS  for details on installing one
WARNING: ffmpeg not found. The downloaded format may not be the best available. Installing ffmpeg is strongly recommended: https://github.com/yt-dlp/yt-dlp#dependencies
WARNING: [youtube] [jsc] Remote components challenge solver script (deno) and NPM package (deno) were skipped. These may be required to solve JS challenges. You can enable these downloads with  --remote-components ejs:github  (recommended) or  --remote-components ejs:npm , respectively. For more information and alternatives, refer to  https://github.com/yt-dlp/yt-dlp/wiki/EJS
WARNING: [youtube] uEcGon8W02E: n challenge solving failed: Some formats may be missing. Ensure you have a supported JavaScript runtime and challenge solver script distribution installed. Review any warnings presented before this message. For more details, refer to  https://github.com/yt-dlp/yt-dlp/wiki/EJS
WARNING: ffmpeg not found. The downloaded format may not be the best available. Installing ffmpeg is strongly recommended: https://github.com/yt-dlp/yt-dlp#dependencies
WARNING: [youtube] No supported JavaScript runtime could be found. Only deno is enabled by default; to use another runtime add  --js-runtimes RUNTIME[:PATH]  to your command/config. YouTube extraction without a JS runtime has been deprecated, and some formats may be missing. See  https://github.com/yt-dlp/yt-dlp/wiki/EJS  for details on installing one
WARNING: ffmpeg not found. The downloaded format may not be the best available. Installing ffmpeg is strongly recommended: https://github.com/yt-dlp/yt-dlp#dependencies
WARNING: [youtube] [jsc] Remote components challenge solver script (deno) and NPM package (deno) were skipped. These may be required to solve JS challenges. You can enable these downloads with  --remote-components ejs:github  (recommended) or  --remote-components ejs:npm , respectively. For more information and alternatives, refer to  https://github.com/yt-dlp/yt-dlp/wiki/EJS
WARNING: [youtube] k4oxxEVM3HA: n challenge solving failed: Some formats may be missing. Ensure you have a supported JavaScript runtime and challenge solver script distribution installed. Review any warnings presented before this message. For more details, refer to  https://github.com/yt-dlp/yt-dlp/wiki/EJS
WARNING: ffmpeg not found. The downloaded format may not be the best available. Installing ffmpeg is strongly recommended: https://github.com/yt-dlp/yt-dlp#dependencies
WARNING: [youtube] No supported JavaScript runtime could be found. Only deno is enabled by default; to use another runtime add  --js-runtimes RUNTIME[:PATH]  to your command/config. YouTube extraction without a JS runtime has been deprecated, and some formats may be missing. See  https://github.com/yt-dlp/yt-dlp/wiki/EJS  for details on installing one
WARNING: ffmpeg not found. The downloaded format may not be the best available. Installing ffmpeg is strongly recommended: https://github.com/yt-dlp/yt-dlp#dependencies
WARNING: [youtube] [jsc] Remote components challenge solver script (deno) and NPM package (deno) were skipped. These may be required to solve JS challenges. You can enable these downloads with  --remote-components ejs:github  (recommended) or  --remote-components ejs:npm , respectively. For more information and alternatives, refer to  https://github.com/yt-dlp/yt-dlp/wiki/EJS
WARNING: [youtube] uEcGon8W02E: n challenge solving failed: Some formats may be missing. Ensure you have a supported JavaScript runtime and challenge solver script distribution installed. Review any warnings presented before this message. For more details, refer to  https://github.com/yt-dlp/yt-dlp/wiki/EJS
WARNING: ffmpeg not found. The downloaded format may not be the best available. Installing ffmpeg is strongly recommended: https://github.com/yt-dlp/yt-dlp#dependencies
WARNING: [youtube] No supported JavaScript runtime could be found. Only deno is enabled by default; to use another runtime add  --js-runtimes RUNTIME[:PATH]  to your command/config. YouTube extraction without a JS runtime has been deprecated, and some formats may be missing. See  https://github.com/yt-dlp/yt-dlp/wiki/EJS  for details on installing one
WARNING: ffmpeg not found. The downloaded format may not be the best available. Installing ffmpeg is strongly recommended: https://github.com/yt-dlp/yt-dlp#dependencies
WARNING: [youtube] [jsc] Remote components challenge solver script (deno) and NPM package (deno) were skipped. These may be required to solve JS challenges. You can enable these downloads with  --remote-components ejs:github  (recommended) or  --remote-components ejs:npm , respectively. For more information and alternatives, refer to  https://github.com/yt-dlp/yt-dlp/wiki/EJS
WARNING: [youtube] k4oxxEVM3HA: n challenge solving failed: Some formats may be missing. Ensure you have a supported JavaScript runtime and challenge solver script distribution installed. Review any warnings presented before this message. For more details, refer to  https://github.com/yt-dlp/yt-dlp/wiki/EJS
WARNING: ffmpeg not found. The downloaded format may not be the best available. Installing ffmpeg is strongly recommended: https://github.com/yt-dlp/yt-dlp#dependencies
WARNING: [youtube] No supported JavaScript runtime could be found. Only deno is enabled by default; to use another runtime add  --js-runtimes RUNTIME[:PATH]  to your command/config. YouTube extraction without a JS runtime has been deprecated, and some formats may be missing. See  https://github.com/yt-dlp/yt-dlp/wiki/EJS  for details on installing one
WARNING: ffmpeg not found. The downloaded format may not be the best available. Installing ffmpeg is strongly recommended: https://github.com/yt-dlp/yt-dlp#dependencies
WARNING: [youtube] [jsc] Remote components challenge solver script (deno) and NPM package (deno) were skipped. These may be required to solve JS challenges. You can enable these downloads with  --remote-components ejs:github  (recommended) or  --remote-components ejs:npm , respectively. For more information and alternatives, refer to  https://github.com/yt-dlp/yt-dlp/wiki/EJS
WARNING: [youtube] uEcGon8W02E: n challenge solving failed: Some formats may be missing. Ensure you have a supported JavaScript runtime and challenge solver script distribution installed. Review any warnings presented before this message. For more details, refer to  https://github.com/yt-dlp/yt-dlp/wiki/EJS
WARNING: ffmpeg not found. The downloaded format may not be the best available. Installing ffmpeg is strongly recommended: https://github.com/yt-dlp/yt-dlp#dependencies
WARNING: [youtube] No supported JavaScript runtime could be found. Only deno is enabled by default; to use another runtime add  --js-runtimes RUNTIME[:PATH]  to your command/config. YouTube extraction without a JS runtime has been deprecated, and some formats may be missing. See  https://github.com/yt-dlp/yt-dlp/wiki/EJS  for details on installing one
WARNING: ffmpeg not found. The downloaded format may not be the best available. Installing ffmpeg is strongly recommended: https://github.com/yt-dlp/yt-dlp#dependencies
