[INFO] Webshare ProxyConfig 초기화 완료
=== EXECUTE 모드 ===
전체 파이프라인을 실행합니다. (배치 크기: 30)

[1] 채널 정보 수집...
[OK] 채널: 안유화의 경제투자론 - 안경투 (안유화의 경제투자론 - 안경투)

[2] 영상 목록 수집...
채널 영상 목록 수집 중: https://www.youtube.com/@anyuhuatv/videos
  [MEMBER-SKIP] c7XeyjICZPw | avail=subscriber_only | Urgent special lecture! Only 4 days left
  [MEMBER-SKIP] nSPJkMW7dHo | avail=subscriber_only | [Audiobook] A New Wealth Formula?! The N
  [MEMBER-SKIP] 2LabL0JALGU | avail=subscriber_only | [Audiobook] A Once-in-a-Century Opportun
  [MEMBER-SKIP] EE0pfeFz3FY | avail=subscriber_only | Bitcoin's Faltering: 5 Rebound Signals |
  [MEMBER-SKIP] qjE7h5JebEk | avail=subscriber_only | [Audiobook] The Future of Blockchain in 
  [MEMBER-SKIP] NqQWmOLUDmQ | avail=subscriber_only | [Audiobook] Coin Crash?! This is What Yo
  [MEMBER-SKIP] FPrI-JErPdk | avail=subscriber_only | [Audiobook] Are You an Investor? l Ahn Y
  [MEMBER-SKIP] zA8qGBKP6QQ | avail=subscriber_only | [Audiobook] Who's the Next Apple?! l Ahn
  [MEMBER-SKIP] FXn65NEJxMg | avail=subscriber_only | [Audiobook] Innovative Technologies Lead
  [MEMBER-SKIP] oTOOxqUfsEQ | avail=subscriber_only | [Audiobook] Finding Investment Opportuni
  [MEMBER-SKIP] oz1MubWFQu8 | avail=subscriber_only | [Audiobook] Korea's Semiconductor Indust
  [MEMBER-SKIP] 6VrJUyuSbgI | avail=subscriber_only | [Audiobook] Can China's Semiconductor In
  [MEMBER-SKIP] rAHN7Sw44PE | avail=subscriber_only | [Audiobook] How Will the US-China Confli
  [MEMBER-SKIP] dIEBrcScpgg | avail=subscriber_only | A Change of Mind Leads to a Change of Li
  [MEMBER-SKIP] -zVbVgidCBg | avail=subscriber_only | [Audiobook] Is Taiwan the Next Ukraine? 
  [MEMBER-SKIP] jiR0ZrUBKOM | avail=subscriber_only | [Audiobook] Is Taiwan the Next Ukraine? 
  [MEMBER-SKIP] WAOaalPVfx4 | avail=subscriber_only | Digital Assets and Web3 | An Yu-hwa's [M
  [MEMBER-SKIP] Ur6ZYtuzGaw | avail=subscriber_only | What is the value of a coin? | An Yu-hwa
  [MEMBER-SKIP] D9_LIXq9L9I | avail=subscriber_only | Investment Opportunities in the Web 3.0 
  [MEMBER-SKIP] 2fNVTZz3S2o | avail=subscriber_only | [Audiobook] Understanding China Makes It
  [MEMBER-SKIP] 6w1bxCy_0pw | avail=subscriber_only | [Audiobook] What Makes You Rich: Financi
  [MEMBER-SKIP] Ctb8jmy4kL4 | avail=subscriber_only | [Audiobook] Is Investing in US Stocks Wo
  [MEMBER-SKIP] w06i15zz-tA | avail=subscriber_only | [Audiobook] Why the U.S. Stock Market Is
  [MEMBER-SKIP] hF3elrPkzt0 | avail=subscriber_only | [Audiobook] The Business Cycle is a Kind
  [MEMBER-SKIP] sTvsebGCnI0 | avail=subscriber_only | The Origin of Stablecoins | An Yu-hwa's 
  [MEMBER-SKIP] KnI0VxSyUzI | avail=subscriber_only | [Audiobook] The Business Cycle is a Kind
  [MEMBER-SKIP] noSaDuMBa-0 | avail=subscriber_only | The business cycle is a kind of debt cyc
  [MEMBER-SKIP] NJzKzn-Q18I | avail=subscriber_only | The U.S. and China Through the Eyes of M
  [MEMBER-SKIP] IBW2LgsrAXY | avail=subscriber_only | China or the US: Where Should I Invest? 
  [MEMBER-SKIP] VwICI0eF2VQ | avail=subscriber_only | [Audiobook] Why China's Wealthy Came
  [MEMBER-SKIP] 6pnbrvWUEP4 | avail=subscriber_only | [Audiobook] The truth behind the 'Xi Jin
  [MEMBER-SKIP] Z0RCxjHysAc | avail=subscriber_only | [Audiobook] Why Jack Ma, Who Didn't Know
  [MEMBER-SKIP] eZP3y-GsuNg | avail=subscriber_only | [Audiobook] China's New Richest People A
  [MEMBER-SKIP] xUC5AJrrZkk | avail=subscriber_only | [Special Lecture] How Korea Can Become t
  [MEMBER-SKIP] 722oTWJg1K0 | avail=subscriber_only | [Audiobook] 2035! This is the technology
  [MEMBER-SKIP] M3Bi4CraT3Y | avail=subscriber_only | [강의특집] 디지털 화폐 시대, 글로벌 금융질서의 재편(2부)
  [MEMBER-SKIP] lSfdrjO5cp4 | avail=subscriber_only | [강의특집] 디지털 화폐 시대, 글로벌 금융질서의 재편(1부)
  [MEMBER-SKIP] Pci1u6n_5fA | avail=subscriber_only | [회원용] 한국 新대통령의 성공, '000제도' 구축이 결정한다 완벽본!
  [MEMBER-SKIP] QLhSxo8_1DA | avail=subscriber_only | [오디오북] 시대 흐름을 읽기 힘들 때 참고하면 좋은 것 - THE FL
  [MEMBER-SKIP] hSMz4n1nX3M | avail=subscriber_only | [오디오북] 화웨이와 TSMC의 결정적 차이 - THE FLOW
  [MEMBER-SKIP] V2WYyw3yB0c | avail=subscriber_only | [Audiobook] A Framework for Analyzing Co
  [MEMBER-SKIP] oScygrtrm-Y | avail=subscriber_only | [오디오북] 거시경제정책은 어떻게 기업의 ROE와 연결되는가 - THE 
  [MEMBER-SKIP] md2B9NnXSC0 | avail=subscriber_only | [오디오북] ROE에 포함된 통화량과 통화지표 - THE FLOW
  [MEMBER-SKIP] hU2TO2xl3wk | avail=subscriber_only | [오디오북] 제조업이 점점 돈을 못 버는 이유 - THE FLOW
  [MEMBER-SKIP] r2-Wi3ltxFQ | avail=subscriber_only | [오디오북] 제조 산업 하락으로 살펴보는 ROE - THE FLOW
  [MEMBER-SKIP] 0rBhApXRTpI | avail=subscriber_only | [Audiobook] China's Trends Seen Through 
  [MEMBER-SKIP] lEPAMQ9g-CM | avail=subscriber_only | [오디오북] 미중 빅테크 전쟁과 국가의 지원 - THE FLOW
  [MEMBER-SKIP] 1I1NwuTAya4 | avail=subscriber_only | [오디오북] 나의 영향력 자산 어떻게 만들어야 할까? - THE FLOW
  [MEMBER-SKIP] ZljVVTKgfZE | avail=subscriber_only | [Audiobook] How to Pick Stocks That Will
  [MEMBER-SKIP] JADN13W2oy4 | avail=subscriber_only | [오디오북] 나에게 4배 수익을 안겨주는 주식 종목 고르는 방법 - TH
  [MEMBER-SKIP] gHRjj65Tc5c | avail=subscriber_only | [오디오북] ROE가 적어도 15% 이상인 주식에 투자해야 - THE F
  [MEMBER-SKIP] DoRoSp56KHs | avail=subscriber_only | [오디오북] 투자는 이렇게 하는 것이다 - THE FLOW
  [MEMBER-SKIP] cgCpNL684jU | avail=subscriber_only | [Audiobook] The Purpose of Money is Oppo
  [MEMBER-SKIP] Yij82xWb7fc | avail=subscriber_only | [오디오북] 성공의 전제, RISK(위험) - THE FLOW
  [MEMBER-SKIP] 59cjBAvq0Mw | avail=subscriber_only | [Audiobook] Asset Management: Beating In
  [MEMBER-SKIP] u0CitP6cDnU | avail=subscriber_only | [오디오북] 자본주의에서 투자하지 않으면 바보 - THE FLOW
  [MEMBER-SKIP] j3UT77aQqhA | avail=subscriber_only | [Audiobook] If You're Lazy About Studyin
  [MEMBER-SKIP] JwkTEXDl7XE | avail=subscriber_only | [오디오북] AI시대, 사라지는 일자리들.. 살아남으려면? - THE F
  [MEMBER-SKIP] 3qv8EmxKJLU | avail=subscriber_only | [Audiobook] Why Rich People of the Past 
  [MEMBER-SKIP] iYHIM-yITeg | avail=subscriber_only | [오디오북] 모든 성공의 키는 OOO이다 - THE FLOW
  [MEMBER-SKIP] yOrr9KKyTzg | avail=subscriber_only | [오디오북] 테슬라 주가가 GM의 4배인 이유는? - THE FLOW
  [MEMBER-SKIP] 5oNdRWwJ-qk | avail=subscriber_only | [오디오북] 투자수익의 70-80%는 OOO에서 결정된다 - THE FL
  [MEMBER-SKIP] 7kvcwsFs1BM | avail=subscriber_only | [Audiobook] Beyond Yesterday's Me - THE 
  [MEMBER-SKIP] FDup-8aLK0E | avail=subscriber_only | [Audiobook] How to Achieve Financial Fre
  [MEMBER-SKIP] D6UoPfTBFjk | avail=subscriber_only | [오디오북] 파도를 만드는 건 바람 - THE FLOW
  [MEMBER-SKIP] 3xpYamy6Rbk | avail=subscriber_only | [Full Version] The US-China Semiconducto
  [MEMBER-SKIP] CzXpPPHgqHA | avail=subscriber_only | [Full Version] Bitcoin: A Virtual Asset 
  [MEMBER-SKIP] vzAXT7BQaMc | avail=subscriber_only | [풀버전] 시스코 - 엔비디아ㅣ안유화의 경제투자론
  [MEMBER-SKIP] xTkE-p6YxrA | avail=subscriber_only | [풀버전] 미국 '금리, 환율, 물가' 인상 공포!! 사라지는 돈ㅣ안유화
  [MEMBER-SKIP] GCZO3hWwGg0 | avail=subscriber_only | [풀버전] 솔라나 향후 우상향 가능성 ㅣ 안유화의 경제투자론 - 가상화폐
  [MEMBER-SKIP] lwBIIYxBFQQ | avail=subscriber_only | [풀버전] 이더리움 vs 비트코인, 이더리움 향후 더 상승할 가능성은?ㅣ
  [MEMBER-SKIP] u_RfEda7Qr8 | avail=subscriber_only | [풀버전] 비트코인 10억 이상 오르는 이유!!!! ㅣ 안유화의 경제투자
  [MEMBER-SKIP] My_wP4QJIhw | avail=subscriber_only | 일본 제로금리 시대 종결이 한국경제에 미치는 영향는? ㅣ 안유화의 경제투
  [MEMBER-SKIP] G5MDiNBRO08 | avail=subscriber_only | '세계 122위' 헝다그룹 청산 명령！中 금융 시장 또 한번의 큰 타격;
  [MEMBER-SKIP] 1pW7jcb0F2k | avail=subscriber_only | Taiwan's election results in a resurgenc
  [MEMBER-SKIP] Lvn9laMQ8kM | avail=subscriber_only | 베트남, 세계의 공장이 될 수 있을까? [THE FLOW] EP.05 -
  [MEMBER-SKIP] y1bv6NV-xss | avail=subscriber_only | What are the major trends in the global 
  [MEMBER-SKIP] 99UCci4pNh4 | avail=subscriber_only | The Epochal Trends of China's Political 
  [MEMBER-SKIP] SG01DdeqZGA | avail=subscriber_only | [독서모임]탄소배출권과 블록체인 및 관련 기술혁신 기업 투자전략6
  [MEMBER-SKIP] G38PjTbh4mg | avail=subscriber_only | [독서모임]탄소배출권과 블록체인 및 관련 기술혁신 기업 투자전략5
  [MEMBER-SKIP] 70rKwRMh8wg | avail=subscriber_only | [독서모임]탄소배출권과 블록체인 및 관련 기술혁신 기업 투자전략4
  [MEMBER-SKIP] BgCxw46uQ-M | avail=subscriber_only | [독서모임] 탄소배출권과 블록체인 및 관련 기술혁신 기업 투자전략3
  [MEMBER-SKIP] GxAnqqwu598 | avail=subscriber_only | [독서모임] 탄소배출권과 블록체인 및 관련 기술혁신 기업 투자전략2
  [MEMBER-SKIP] uXx3H9wSpBg | avail=subscriber_only | [독서모임] 탄소배출권과 블록체인 및 관련 기술혁신 기업 투자전략1
  [MEMBER-SKIP] iWoipkupyAs | avail=subscriber_only | [안유화의 경제금융투자교실] 중국 증권투자 목표기업 선정과 실전 투자전략
  [MEMBER-SKIP] QXKkeocTK4o | avail=subscriber_only | [안유화의 경제금융투자교실] 중국 증권투자 목표기업 선정과 실전 투자전략
  [MEMBER-SKIP] 0dB57Sb0uIU | avail=subscriber_only | [안유화의 경제금융투자교실] 중국 증권투자 목표기업 선정과 실전 투자전략
  [MEMBER-SKIP] bacQvYCl4hw | avail=subscriber_only | [안유화의 경제금융투자교실] 중국 증권투자 목표기업 선정과 실전 투자전략
  [MEMBER-SKIP] 4afyfl-KU8E | avail=subscriber_only | [안유화의 경제금융투자교실]경제학으로 보는 미국경제의 강점과 약점-Par
  [MEMBER-SKIP] XWt5onTymEQ | avail=subscriber_only | [An Yu-hwa's Economics and Financial Inv
  [MEMBER-SKIP] fPuVMVKUfIA | avail=subscriber_only | [An Yu-hwa's Economics and Financial Inv
  [MEMBER-SKIP] 9wCQzdDE2go | avail=subscriber_only | [안유화의 경제금융투자교실] 블록체인 산업 발전 현황과 투자 유의사항 -
  [MEMBER-SKIP] RIqunfS6atI | avail=subscriber_only | [안유화의 경제금융투자교실] 블록체인 산업 발전 현황과 투자 유의사항 -
  [MEMBER-SKIP] l_eiXGhrT70 | avail=subscriber_only | [안유화의 경제금융투자교실] 블록체인 산업 발전 현황과 투자 유의사항 -
  [MEMBER-SKIP] 0SjNV04ytU0 | avail=subscriber_only | [안유화의 경제금융투자교실]중국 모빌리티 산업의 목표기업 선택과 투자 전
  [MEMBER-SKIP] XhRuA55oFpE | avail=subscriber_only | [An Yu-hwa's Economics and Finance Inves
  [MEMBER-SKIP] -UpIISe5yuc | avail=subscriber_only | ANYUHUA WeChat 20221201093254
  [MEMBER-SKIP] xOdWJ6p3IDE | avail=subscriber_only | [An Yu-hwa's Economics and Finance Inves
  [MEMBER-SKIP] uDUvxstEXY8 | avail=subscriber_only | [An Yu-hwa's Economics and Finance Inves
  [MEMBER-SKIP] 9ZRfVKzDNXY | avail=subscriber_only | ANYUHUA WeChat 20221201093320
  [MEMBER-SKIP] UT4OOMXTEOM | avail=subscriber_only | [An Yu-hwa's Economics and Finance Inves
  [MEMBER-SKIP] e2-ZB2NcUIg | avail=subscriber_only | [안유화의 경제금융투자교실]모빌리티 산업개념과 앞서가는 국가들 비교-글로
  [MEMBER-SKIP] s3SurC-kNbE | avail=subscriber_only | [안유화의 경제금융투자교실]모빌리티 산업개념과 앞서가는 국가들 비교-글로
  [MEMBER-SKIP] B6cecZI0htw | avail=subscriber_only | [독서모임  7기3회차] 탄소배출권과 NFT
  [MEMBER-SKIP] WoRhOMmsMJo | avail=subscriber_only | 탄소배출권 NFT투자설계
  [MEMBER-SKIP] c4mxpfZdlA8 | avail=subscriber_only | 탄소배출권 NFT적합성과 전망 /스마트 메타버스 융합시대의 빅테크 기업은
  [MEMBER-SKIP] jqmZC21osFw | avail=subscriber_only | 블록체인 기반의 국제 탄소금융 구축을 통한 국제금융허브 구축전략 #안유화
  [MEMBER-ONLY] Step2 필터: 107개 제외됨
[OK] 영상 목록 수집 완료: 231개 (멤버십 제외 후)

[3] 제목 필터링...

=== 제목 필터링 결과 ===
총 영상: 231개
통과: 166개
건너뛰기: 65개

--- 통과한 영상 (166개) ---
1. 지금 전쟁보다 무서운 건 돈의 이동입니다ㅣ안유화의 경제투자론
   └ Pass 키워드 매치: '투자'
2. In these times of heightened risk, these are the companies that will ultimately survive! Part 2 |...
   └ Pass 키워드 매치: 'risk'
3. All-out war in the Middle East! A comprehensive guide to assets that will survive market turmoil ...
   └ Pass 키워드 매치: 'asset'
4. Why the Korean Stock Market Is Rising | Ahn Yu-hwa's Economic Investment Theory
   └ Pass 키워드 매치: 'investment'
5. The Real Reason Markets Panic Despite the Illegal Tariff Ruling: Part 1 | Ahn Yu-hwa's Economic I...
   └ Pass 키워드 매치: 'panic'
6. 흔들리는 금융 시장 속 단단한 투자자가 되려면?ㅣ 경제 이슈 몰아보기
   └ Pass 키워드 매치: '시장'
7. Top 3 Promising Sectors with 10x Growth | Ahn Yu-hwa's Economic Investment Theory
   └ Pass 키워드 매치: 'investment'
8. Your Coins Will Become Dust. The Secrets of Exchanges Revealed in the Bithumb Incident | An Yu-hw...
   └ Pass 키워드 매치: 'coin'
9. Investing in China in 2026! Which Industries Will Really Benefit? Part 2 | Ahn Yu-hwa's Economic ...
   └ Pass 키워드 매치: 'investing'
10. The next Hyundai?! If you're looking for an opportunity, look no further. Ahn Yu-hwa's Economic I...
   └ Pass 키워드 매치: 'economic'
   ... 외 156개

--- 건너뛴 영상 (65개) ---
투자 관련 키워드 없음: 47개
  - "In just five years, hegemony will shift." Xi Jinping's true plan revealed at the 2026 National P...
  - It's not just jobs that are being lost! This is how AI will ultimately unfold | Ahn Yu-hwa's Econ...
  - 지나간 세계 흐름, 영상 하나로 복습하자 ㅣ 지정학 이슈 몰아보기
  ... 외 44개
Skip 키워드 매치: '구독자': 1개
  - [구독자10만 기념] 한국 부동산이 무너진다!ㅣ안유화 경제투자론
Skip 키워드 매치: '독서': 15개
  - [독서클럽 맛보기] 빌게이츠도 조롱받던 시절이 있었다! 메타버스와 블록체인 ㅣ 안유화의 경제투자론
  - [독서모임] 한중일 메타버스 비교 1
  - 중국 부동산 위기, 근간이 흔들린다 "다 무너지고 있어요. 진짜 무서운 걸 알려드릴게요" | 안유화  교수 독서모임 안투라지 3부 #부동산폭락 #경제전망
  ... 외 12개
Skip 키워드 매치: 'Q&A': 1개
  - '비트코인 대체 가능? 단점은? ' 드디어 비트코인 Q&A 시간 옴!!!ㅣ안유화 경제투자론
Skip 키워드 매치: '일상': 1개
  - 일상에서 시작하는 '웰니스 라이프' 2편ㅣ시계유전자,생체리듬ㅣ홍정기 교수, 민은주 대표, 안유화 총장

[QA Gate 1] 메타데이터 검증...
[INFO] 메타데이터 저장: C:\Users\Mario\work\invest-sns\data\tmp\anyuhuatv_metadata.json

============================================================
🔍 QA Gate 1 - 메타데이터 검증
   채널: anyuhuatv | 영상 수: 166개
============================================================

✅ [체크 1] 제목 검증 통과

⚠️  [체크 2] 날짜 정보 없음 — flat-playlist 수집 특성상 스킵 (비치명적)

✅ [체크 3] 미래 날짜 없음

✅ [체크 4] 채널명 한글 확인 OK: '안유화의 경제투자론 - 안경투'

🔎 [체크 5] DB 중복 체크 중...
⚠️  [체크 5] DB 중복 164건 (스킵 예정)
   - ztPwQOHkU88
   - _Irvjp7mcj0
   - B0qpQuIzjbA
   - tmGEPeSYHFA
   - msLDbF3l78M
   - N041ypJmPo0
   - zVyl_F2bZB8
   - 5UY9EziF93U
   - EHaRgIbiqiQ
   - nNO5SZzbgrw
   ... 외 154건

⚠️  [체크 6] 필터 통과율 0.9% — 5% 미만 경고!

============================================================
✅ Gate 1 통과 — 검증 완료. 유효 영상 2개
============================================================

[OK] QA Gate 1 통과 → 검증된 영상: 2개

[배치 처리] 총 2개 영상 → 1개 배치 (배치 크기: 30)

[채널 DB 등록] 채널 UUID 확보 중...
[OK] 기존 채널 발견: 6d6817ca-76ab-484e-ad7e-b537921c3d25
[OK] DB 채널 UUID: 6d6817ca-76ab-484e-ad7e-b537921c3d25

============================================================
[배치 1/1] 2개 영상 처리 시작
  현재 시그널 수: 1065개

  [Step 4+5] 자막 추출 + AI 분석 병렬 처리 (동시 3개)...
자막 추출 시작: k4oxxEVM3HA
자막 추출 시작: uEcGon8W02E
[INFO] Webshare 자막 실패 (k4oxxEVM3HA): TranscriptsDisabled: 
Could not retrieve a transcript for the video https://www.youtube.com/watch?v=k4oxxEVM3HA! This is 
[ERROR] 한국어 자막 없음 (video_id: k4oxxEVM3HA)
youtube_transcript_api 실패, yt-dlp 시도...
[INFO] Webshare 자막 실패 (uEcGon8W02E): TranscriptsDisabled: 
Could not retrieve a transcript for the video https://www.youtube.com/watch?v=uEcGon8W02E! This is 
[ERROR] 한국어 자막 없음 (video_id: uEcGon8W02E)
youtube_transcript_api 실패, yt-dlp 시도...
[ERROR] yt-dlp 자막 파일 없음
재시도 1/3 (5초 후)...
[ERROR] yt-dlp 자막 파일 없음
재시도 1/3 (5초 후)...
[INFO] Webshare 자막 실패 (k4oxxEVM3HA): TranscriptsDisabled: 
Could not retrieve a transcript for the video https://www.youtube.com/watch?v=k4oxxEVM3HA! This is 
[ERROR] 한국어 자막 없음 (video_id: k4oxxEVM3HA)
youtube_transcript_api 실패, yt-dlp 시도...
[ERROR] yt-dlp 자막 파일 없음
재시도 2/3 (10초 후)...
[INFO] Webshare 자막 실패 (uEcGon8W02E): TranscriptsDisabled: 
Could not retrieve a transcript for the video https://www.youtube.com/watch?v=uEcGon8W02E! This is 
[ERROR] 한국어 자막 없음 (video_id: uEcGon8W02E)
youtube_transcript_api 실패, yt-dlp 시도...
[ERROR] yt-dlp 자막 파일 없음
재시도 2/3 (10초 후)...
[INFO] Webshare 자막 실패 (k4oxxEVM3HA): TranscriptsDisabled: 
Could not retrieve a transcript for the video https://www.youtube.com/watch?v=k4oxxEVM3HA! This is 
[ERROR] 한국어 자막 없음 (video_id: k4oxxEVM3HA)
youtube_transcript_api 실패, yt-dlp 시도...
[ERROR] yt-dlp 자막 파일 없음
[ERROR] 자막 추출 완전 실패: k4oxxEVM3HA
  [SKIP] 자막 없음: Final Warning?! If you only focus on the
[INFO] Webshare 자막 실패 (uEcGon8W02E): TranscriptsDisabled: 
Could not retrieve a transcript for the video https://www.youtube.com/watch?v=uEcGon8W02E! This is 
[ERROR] 한국어 자막 없음 (video_id: uEcGon8W02E)
youtube_transcript_api 실패, yt-dlp 시도...
[ERROR] yt-dlp 자막 파일 없음
[ERROR] 자막 추출 완전 실패: uEcGon8W02E
  [SKIP] 자막 없음: 일론 머스크, 미국 파산 점점 가속화되고 있다 ㅣ안유화 경제투자론
  [SKIP] 처리 성공한 영상 없음 → 다음 배치 (멤버십 0개 스킵)

============================================================
[배치 처리 완료] 총 0개 영상, 0개 시그널 INSERT

=== signal_prices.json 업데이트 준비 ===
고유 종목 수: 223개
[OK] 저장: C:\Users\Mario\work\invest-sns\scripts\stocks_for_price_update.json

[Step 8] 새 종목 가격 데이터 수집...

[Step 8.5] data/ → public/ 동기화...
  signal_prices.json 동기화 완료

[Step 9] 프론트엔드 빌드 (npm run build)...
[ERROR] 파이프라인 실행 중 에러: [WinError 2] The system cannot find the file specified
[ERROR] 실행 실패: [WinError 2] The system cannot find the file specified
